info: 27.12.2023 20:32:41.776 CoreEventId.ContextInitialized[10403] (Microsoft.EntityFrameworkCore.Infrastructure) 
      Entity Framework Core 6.0.7 initialized 'DatabaseContext' using provider 'Pomelo.EntityFrameworkCore.MySql:6.0.2' with options: ServerVersion 8.0.25-mysql 
dbug: 27.12.2023 20:32:41.809 RelationalEventId.ConnectionOpening[20000] (Microsoft.EntityFrameworkCore.Database.Connection) 
      Opening connection to database '' on server '192.168.10.170'.
dbug: 27.12.2023 20:32:41.883 RelationalEventId.ConnectionOpened[20001] (Microsoft.EntityFrameworkCore.Database.Connection) 
      Opened connection to database '' on server '192.168.10.170'.
dbug: 27.12.2023 20:32:41.948 RelationalEventId.ConnectionOpening[20000] (Microsoft.EntityFrameworkCore.Database.Connection) 
      Opening connection to database '' on server '192.168.10.170'.
dbug: 27.12.2023 20:32:41.955 RelationalEventId.ConnectionOpened[20001] (Microsoft.EntityFrameworkCore.Database.Connection) 
      Opened connection to database '' on server '192.168.10.170'.
dbug: 27.12.2023 20:32:41.958 RelationalEventId.TransactionStarting[20209] (Microsoft.EntityFrameworkCore.Database.Transaction) 
      Beginning transaction with isolation level 'Unspecified'.
dbug: 27.12.2023 20:32:41.961 RelationalEventId.TransactionStarted[20200] (Microsoft.EntityFrameworkCore.Database.Transaction) 
      Began transaction with isolation level 'Unspecified'.
dbug: 27.12.2023 20:32:41.965 RelationalEventId.CommandCreating[20103] (Microsoft.EntityFrameworkCore.Database.Command) 
      Creating DbCommand for 'ExecuteNonQuery'.
dbug: 27.12.2023 20:32:41.967 RelationalEventId.CommandCreated[20104] (Microsoft.EntityFrameworkCore.Database.Command) 
      Created DbCommand for 'ExecuteNonQuery' (1ms).
dbug: 27.12.2023 20:32:41.971 RelationalEventId.CommandExecuting[20100] (Microsoft.EntityFrameworkCore.Database.Command) 
      Executing DbCommand [Parameters=[], CommandType='Text', CommandTimeout='30']
      DROP DATABASE `remote_database`;
info: 27.12.2023 20:32:42.004 RelationalEventId.CommandExecuted[20101] (Microsoft.EntityFrameworkCore.Database.Command) 
      Executed DbCommand (33ms) [Parameters=[], CommandType='Text', CommandTimeout='30']
      DROP DATABASE `remote_database`;
dbug: 27.12.2023 20:32:42.007 RelationalEventId.TransactionCommitting[20210] (Microsoft.EntityFrameworkCore.Database.Transaction) 
      Committing transaction.
dbug: 27.12.2023 20:32:42.009 RelationalEventId.TransactionCommitted[20202] (Microsoft.EntityFrameworkCore.Database.Transaction) 
      Committed transaction.
dbug: 27.12.2023 20:32:42.010 RelationalEventId.TransactionDisposed[20204] (Microsoft.EntityFrameworkCore.Database.Transaction) 
      Disposing transaction.
dbug: 27.12.2023 20:32:42.011 RelationalEventId.ConnectionClosing[20002] (Microsoft.EntityFrameworkCore.Database.Connection) 
      Closing connection to database '' on server '192.168.10.170'.
dbug: 27.12.2023 20:32:42.012 RelationalEventId.ConnectionClosed[20003] (Microsoft.EntityFrameworkCore.Database.Connection) 
      Closed connection to database '' on server '192.168.10.170'.
dbug: 27.12.2023 20:32:42.013 RelationalEventId.ConnectionOpening[20000] (Microsoft.EntityFrameworkCore.Database.Connection) 
      Opening connection to database '' on server '192.168.10.170'.
dbug: 27.12.2023 20:32:42.016 RelationalEventId.ConnectionOpened[20001] (Microsoft.EntityFrameworkCore.Database.Connection) 
      Opened connection to database '' on server '192.168.10.170'.
dbug: 27.12.2023 20:32:42.030 RelationalEventId.ConnectionOpening[20000] (Microsoft.EntityFrameworkCore.Database.Connection) 
      Opening connection to database '' on server '192.168.10.170'.
dbug: 27.12.2023 20:32:42.035 RelationalEventId.ConnectionOpened[20001] (Microsoft.EntityFrameworkCore.Database.Connection) 
      Opened connection to database '' on server '192.168.10.170'.
dbug: 27.12.2023 20:32:42.035 RelationalEventId.TransactionStarting[20209] (Microsoft.EntityFrameworkCore.Database.Transaction) 
      Beginning transaction with isolation level 'Unspecified'.
dbug: 27.12.2023 20:32:42.036 RelationalEventId.TransactionStarted[20200] (Microsoft.EntityFrameworkCore.Database.Transaction) 
      Began transaction with isolation level 'Unspecified'.
dbug: 27.12.2023 20:32:42.036 RelationalEventId.CommandCreating[20103] (Microsoft.EntityFrameworkCore.Database.Command) 
      Creating DbCommand for 'ExecuteNonQuery'.
dbug: 27.12.2023 20:32:42.036 RelationalEventId.CommandCreated[20104] (Microsoft.EntityFrameworkCore.Database.Command) 
      Created DbCommand for 'ExecuteNonQuery' (0ms).
dbug: 27.12.2023 20:32:42.036 RelationalEventId.CommandExecuting[20100] (Microsoft.EntityFrameworkCore.Database.Command) 
      Executing DbCommand [Parameters=[], CommandType='Text', CommandTimeout='30']
      CREATE DATABASE `remote_database`;
info: 27.12.2023 20:32:42.038 RelationalEventId.CommandExecuted[20101] (Microsoft.EntityFrameworkCore.Database.Command) 
      Executed DbCommand (2ms) [Parameters=[], CommandType='Text', CommandTimeout='30']
      CREATE DATABASE `remote_database`;
dbug: 27.12.2023 20:32:42.039 RelationalEventId.TransactionCommitting[20210] (Microsoft.EntityFrameworkCore.Database.Transaction) 
      Committing transaction.
dbug: 27.12.2023 20:32:42.040 RelationalEventId.TransactionCommitted[20202] (Microsoft.EntityFrameworkCore.Database.Transaction) 
      Committed transaction.
dbug: 27.12.2023 20:32:42.040 RelationalEventId.TransactionDisposed[20204] (Microsoft.EntityFrameworkCore.Database.Transaction) 
      Disposing transaction.
dbug: 27.12.2023 20:32:42.040 RelationalEventId.ConnectionClosing[20002] (Microsoft.EntityFrameworkCore.Database.Connection) 
      Closing connection to database '' on server '192.168.10.170'.
dbug: 27.12.2023 20:32:42.040 RelationalEventId.ConnectionClosed[20003] (Microsoft.EntityFrameworkCore.Database.Connection) 
      Closed connection to database '' on server '192.168.10.170'.
dbug: 27.12.2023 20:32:42.050 RelationalEventId.ConnectionOpening[20000] (Microsoft.EntityFrameworkCore.Database.Connection) 
      Opening connection to database '' on server '192.168.10.170'.
dbug: 27.12.2023 20:32:42.054 RelationalEventId.ConnectionOpened[20001] (Microsoft.EntityFrameworkCore.Database.Connection) 
      Opened connection to database '' on server '192.168.10.170'.
dbug: 27.12.2023 20:32:42.126 CoreEventId.DetectChangesStarting[10800] (Microsoft.EntityFrameworkCore.ChangeTracking) 
      DetectChanges starting for 'DatabaseContext'.
dbug: 27.12.2023 20:32:42.129 CoreEventId.DetectChangesCompleted[10801] (Microsoft.EntityFrameworkCore.ChangeTracking) 
      DetectChanges completed for 'DatabaseContext'.
dbug: 27.12.2023 20:32:42.148 RelationalEventId.ConnectionOpening[20000] (Microsoft.EntityFrameworkCore.Database.Connection) 
      Opening connection to database 'remote_database' on server '192.168.10.170'.
dbug: 27.12.2023 20:32:42.156 RelationalEventId.ConnectionOpened[20001] (Microsoft.EntityFrameworkCore.Database.Connection) 
      Opened connection to database 'remote_database' on server '192.168.10.170'.
dbug: 27.12.2023 20:32:42.156 RelationalEventId.TransactionStarting[20209] (Microsoft.EntityFrameworkCore.Database.Transaction) 
      Beginning transaction with isolation level 'Unspecified'.
dbug: 27.12.2023 20:32:42.157 RelationalEventId.TransactionStarted[20200] (Microsoft.EntityFrameworkCore.Database.Transaction) 
      Began transaction with isolation level 'Unspecified'.
dbug: 27.12.2023 20:32:42.157 RelationalEventId.CommandCreating[20103] (Microsoft.EntityFrameworkCore.Database.Command) 
      Creating DbCommand for 'ExecuteNonQuery'.
dbug: 27.12.2023 20:32:42.157 RelationalEventId.CommandCreated[20104] (Microsoft.EntityFrameworkCore.Database.Command) 
      Created DbCommand for 'ExecuteNonQuery' (0ms).
dbug: 27.12.2023 20:32:42.157 RelationalEventId.CommandExecuting[20100] (Microsoft.EntityFrameworkCore.Database.Command) 
      Executing DbCommand [Parameters=[], CommandType='Text', CommandTimeout='30']
      ALTER DATABASE CHARACTER SET utf8mb4;
info: 27.12.2023 20:32:42.158 RelationalEventId.CommandExecuted[20101] (Microsoft.EntityFrameworkCore.Database.Command) 
      Executed DbCommand (1ms) [Parameters=[], CommandType='Text', CommandTimeout='30']
      ALTER DATABASE CHARACTER SET utf8mb4;
dbug: 27.12.2023 20:32:42.158 RelationalEventId.CommandCreating[20103] (Microsoft.EntityFrameworkCore.Database.Command) 
      Creating DbCommand for 'ExecuteNonQuery'.
dbug: 27.12.2023 20:32:42.158 RelationalEventId.CommandCreated[20104] (Microsoft.EntityFrameworkCore.Database.Command) 
      Created DbCommand for 'ExecuteNonQuery' (0ms).
dbug: 27.12.2023 20:32:42.158 RelationalEventId.CommandExecuting[20100] (Microsoft.EntityFrameworkCore.Database.Command) 
      Executing DbCommand [Parameters=[], CommandType='Text', CommandTimeout='30']
      CREATE TABLE `Users` (
          `Id` int NOT NULL AUTO_INCREMENT,
          `Name` longtext CHARACTER SET utf8mb4 NULL,
          `Age` int NOT NULL,
          `Password` longtext CHARACTER SET utf8mb4 NULL,
          CONSTRAINT `PK_Users` PRIMARY KEY (`Id`)
      ) CHARACTER SET=utf8mb4;
info: 27.12.2023 20:32:42.188 RelationalEventId.CommandExecuted[20101] (Microsoft.EntityFrameworkCore.Database.Command) 
      Executed DbCommand (30ms) [Parameters=[], CommandType='Text', CommandTimeout='30']
      CREATE TABLE `Users` (
          `Id` int NOT NULL AUTO_INCREMENT,
          `Name` longtext CHARACTER SET utf8mb4 NULL,
          `Age` int NOT NULL,
          `Password` longtext CHARACTER SET utf8mb4 NULL,
          CONSTRAINT `PK_Users` PRIMARY KEY (`Id`)
      ) CHARACTER SET=utf8mb4;
dbug: 27.12.2023 20:32:42.188 RelationalEventId.TransactionCommitting[20210] (Microsoft.EntityFrameworkCore.Database.Transaction) 
      Committing transaction.
dbug: 27.12.2023 20:32:42.189 RelationalEventId.TransactionCommitted[20202] (Microsoft.EntityFrameworkCore.Database.Transaction) 
      Committed transaction.
dbug: 27.12.2023 20:32:42.189 RelationalEventId.TransactionDisposed[20204] (Microsoft.EntityFrameworkCore.Database.Transaction) 
      Disposing transaction.
dbug: 27.12.2023 20:32:42.189 RelationalEventId.ConnectionClosing[20002] (Microsoft.EntityFrameworkCore.Database.Connection) 
      Closing connection to database 'remote_database' on server '192.168.10.170'.
dbug: 27.12.2023 20:32:42.190 RelationalEventId.ConnectionClosed[20003] (Microsoft.EntityFrameworkCore.Database.Connection) 
      Closed connection to database 'remote_database' on server '192.168.10.170'.
dbug: 27.12.2023 20:32:42.217 CoreEventId.ValueGenerated[10808] (Microsoft.EntityFrameworkCore.ChangeTracking) 
      'DatabaseContext' generated a temporary value for the property 'Id.User'. Consider using 'DbContextOptionsBuilder.EnableSensitiveDataLogging' to see key values.
dbug: 27.12.2023 20:32:42.262 CoreEventId.StartedTracking[10806] (Microsoft.EntityFrameworkCore.ChangeTracking) 
      Context 'DatabaseContext' started tracking 'User' entity. Consider using 'DbContextOptionsBuilder.EnableSensitiveDataLogging' to see key values.
dbug: 27.12.2023 20:32:42.263 CoreEventId.ValueGenerated[10808] (Microsoft.EntityFrameworkCore.ChangeTracking) 
      'DatabaseContext' generated a temporary value for the property 'Id.User'. Consider using 'DbContextOptionsBuilder.EnableSensitiveDataLogging' to see key values.
dbug: 27.12.2023 20:32:42.263 CoreEventId.StartedTracking[10806] (Microsoft.EntityFrameworkCore.ChangeTracking) 
      Context 'DatabaseContext' started tracking 'User' entity. Consider using 'DbContextOptionsBuilder.EnableSensitiveDataLogging' to see key values.
dbug: 27.12.2023 20:32:42.263 CoreEventId.ValueGenerated[10808] (Microsoft.EntityFrameworkCore.ChangeTracking) 
      'DatabaseContext' generated a temporary value for the property 'Id.User'. Consider using 'DbContextOptionsBuilder.EnableSensitiveDataLogging' to see key values.
dbug: 27.12.2023 20:32:42.263 CoreEventId.StartedTracking[10806] (Microsoft.EntityFrameworkCore.ChangeTracking) 
      Context 'DatabaseContext' started tracking 'User' entity. Consider using 'DbContextOptionsBuilder.EnableSensitiveDataLogging' to see key values.
dbug: 27.12.2023 20:32:42.265 CoreEventId.SaveChangesStarting[10004] (Microsoft.EntityFrameworkCore.Update) 
      SaveChanges starting for 'DatabaseContext'.
dbug: 27.12.2023 20:32:42.265 CoreEventId.DetectChangesStarting[10800] (Microsoft.EntityFrameworkCore.ChangeTracking) 
      DetectChanges starting for 'DatabaseContext'.
dbug: 27.12.2023 20:32:42.270 CoreEventId.DetectChangesCompleted[10801] (Microsoft.EntityFrameworkCore.ChangeTracking) 
      DetectChanges completed for 'DatabaseContext'.
dbug: 27.12.2023 20:32:42.275 RelationalEventId.ConnectionOpening[20000] (Microsoft.EntityFrameworkCore.Database.Connection) 
      Opening connection to database 'remote_database' on server '192.168.10.170'.
dbug: 27.12.2023 20:32:42.278 RelationalEventId.ConnectionOpened[20001] (Microsoft.EntityFrameworkCore.Database.Connection) 
      Opened connection to database 'remote_database' on server '192.168.10.170'.
dbug: 27.12.2023 20:32:42.278 RelationalEventId.TransactionStarting[20209] (Microsoft.EntityFrameworkCore.Database.Transaction) 
      Beginning transaction with isolation level 'Unspecified'.
dbug: 27.12.2023 20:32:42.280 RelationalEventId.TransactionStarted[20200] (Microsoft.EntityFrameworkCore.Database.Transaction) 
      Began transaction with isolation level 'Unspecified'.
dbug: 27.12.2023 20:32:42.314 RelationalEventId.BatchSmallerThanMinBatchSize[20701] (Microsoft.EntityFrameworkCore.Update) 
      Executing update commands individually as the number of batchable commands (3) is smaller than the minimum batch size (4).
dbug: 27.12.2023 20:32:42.323 RelationalEventId.CommandCreating[20103] (Microsoft.EntityFrameworkCore.Database.Command) 
      Creating DbCommand for 'ExecuteReader'.
dbug: 27.12.2023 20:32:42.323 RelationalEventId.CommandCreated[20104] (Microsoft.EntityFrameworkCore.Database.Command) 
      Created DbCommand for 'ExecuteReader' (0ms).
dbug: 27.12.2023 20:32:42.343 RelationalEventId.CommandExecuting[20100] (Microsoft.EntityFrameworkCore.Database.Command) 
      Executing DbCommand [Parameters=[@p0='?' (DbType = Int32), @p1='?' (Size = 4000), @p2='?' (Size = 4000)], CommandType='Text', CommandTimeout='30']
      INSERT INTO `Users` (`Age`, `Name`, `Password`)
      VALUES (@p0, @p1, @p2);
      SELECT `Id`
      FROM `Users`
      WHERE ROW_COUNT() = 1 AND `Id` = LAST_INSERT_ID();
info: 27.12.2023 20:32:42.366 RelationalEventId.CommandExecuted[20101] (Microsoft.EntityFrameworkCore.Database.Command) 
      Executed DbCommand (25ms) [Parameters=[@p0='?' (DbType = Int32), @p1='?' (Size = 4000), @p2='?' (Size = 4000)], CommandType='Text', CommandTimeout='30']
      INSERT INTO `Users` (`Age`, `Name`, `Password`)
      VALUES (@p0, @p1, @p2);
      SELECT `Id`
      FROM `Users`
      WHERE ROW_COUNT() = 1 AND `Id` = LAST_INSERT_ID();
dbug: 27.12.2023 20:32:42.379 CoreEventId.ForeignKeyChangeDetected[10803] (Microsoft.EntityFrameworkCore.ChangeTracking) 
      The foreign key property 'User.Id' was detected as changed. Consider using 'DbContextOptionsBuilder.EnableSensitiveDataLogging' to see property values.
dbug: 27.12.2023 20:32:42.385 RelationalEventId.DataReaderDisposing[20300] (Microsoft.EntityFrameworkCore.Database.Command) 
      A data reader was disposed.
dbug: 27.12.2023 20:32:42.385 RelationalEventId.CommandCreating[20103] (Microsoft.EntityFrameworkCore.Database.Command) 
      Creating DbCommand for 'ExecuteReader'.
dbug: 27.12.2023 20:32:42.385 RelationalEventId.CommandCreated[20104] (Microsoft.EntityFrameworkCore.Database.Command) 
      Created DbCommand for 'ExecuteReader' (0ms).
dbug: 27.12.2023 20:32:42.385 RelationalEventId.CommandExecuting[20100] (Microsoft.EntityFrameworkCore.Database.Command) 
      Executing DbCommand [Parameters=[@p0='?' (DbType = Int32), @p1='?' (Size = 4000), @p2='?' (Size = 4000)], CommandType='Text', CommandTimeout='30']
      INSERT INTO `Users` (`Age`, `Name`, `Password`)
      VALUES (@p0, @p1, @p2);
      SELECT `Id`
      FROM `Users`
      WHERE ROW_COUNT() = 1 AND `Id` = LAST_INSERT_ID();
info: 27.12.2023 20:32:42.388 RelationalEventId.CommandExecuted[20101] (Microsoft.EntityFrameworkCore.Database.Command) 
      Executed DbCommand (2ms) [Parameters=[@p0='?' (DbType = Int32), @p1='?' (Size = 4000), @p2='?' (Size = 4000)], CommandType='Text', CommandTimeout='30']
      INSERT INTO `Users` (`Age`, `Name`, `Password`)
      VALUES (@p0, @p1, @p2);
      SELECT `Id`
      FROM `Users`
      WHERE ROW_COUNT() = 1 AND `Id` = LAST_INSERT_ID();
dbug: 27.12.2023 20:32:42.388 CoreEventId.ForeignKeyChangeDetected[10803] (Microsoft.EntityFrameworkCore.ChangeTracking) 
      The foreign key property 'User.Id' was detected as changed. Consider using 'DbContextOptionsBuilder.EnableSensitiveDataLogging' to see property values.
dbug: 27.12.2023 20:32:42.388 RelationalEventId.DataReaderDisposing[20300] (Microsoft.EntityFrameworkCore.Database.Command) 
      A data reader was disposed.
dbug: 27.12.2023 20:32:42.389 RelationalEventId.CommandCreating[20103] (Microsoft.EntityFrameworkCore.Database.Command) 
      Creating DbCommand for 'ExecuteReader'.
dbug: 27.12.2023 20:32:42.389 RelationalEventId.CommandCreated[20104] (Microsoft.EntityFrameworkCore.Database.Command) 
      Created DbCommand for 'ExecuteReader' (0ms).
dbug: 27.12.2023 20:32:42.389 RelationalEventId.CommandExecuting[20100] (Microsoft.EntityFrameworkCore.Database.Command) 
      Executing DbCommand [Parameters=[@p0='?' (DbType = Int32), @p1='?' (Size = 4000), @p2='?' (Size = 4000)], CommandType='Text', CommandTimeout='30']
      INSERT INTO `Users` (`Age`, `Name`, `Password`)
      VALUES (@p0, @p1, @p2);
      SELECT `Id`
      FROM `Users`
      WHERE ROW_COUNT() = 1 AND `Id` = LAST_INSERT_ID();
info: 27.12.2023 20:32:42.391 RelationalEventId.CommandExecuted[20101] (Microsoft.EntityFrameworkCore.Database.Command) 
      Executed DbCommand (1ms) [Parameters=[@p0='?' (DbType = Int32), @p1='?' (Size = 4000), @p2='?' (Size = 4000)], CommandType='Text', CommandTimeout='30']
      INSERT INTO `Users` (`Age`, `Name`, `Password`)
      VALUES (@p0, @p1, @p2);
      SELECT `Id`
      FROM `Users`
      WHERE ROW_COUNT() = 1 AND `Id` = LAST_INSERT_ID();
dbug: 27.12.2023 20:32:42.391 CoreEventId.ForeignKeyChangeDetected[10803] (Microsoft.EntityFrameworkCore.ChangeTracking) 
      The foreign key property 'User.Id' was detected as changed. Consider using 'DbContextOptionsBuilder.EnableSensitiveDataLogging' to see property values.
dbug: 27.12.2023 20:32:42.391 RelationalEventId.DataReaderDisposing[20300] (Microsoft.EntityFrameworkCore.Database.Command) 
      A data reader was disposed.
dbug: 27.12.2023 20:32:42.391 RelationalEventId.TransactionCommitting[20210] (Microsoft.EntityFrameworkCore.Database.Transaction) 
      Committing transaction.
dbug: 27.12.2023 20:32:42.394 RelationalEventId.TransactionCommitted[20202] (Microsoft.EntityFrameworkCore.Database.Transaction) 
      Committed transaction.
dbug: 27.12.2023 20:32:42.394 RelationalEventId.ConnectionClosing[20002] (Microsoft.EntityFrameworkCore.Database.Connection) 
      Closing connection to database 'remote_database' on server '192.168.10.170'.
dbug: 27.12.2023 20:32:42.394 RelationalEventId.ConnectionClosed[20003] (Microsoft.EntityFrameworkCore.Database.Connection) 
      Closed connection to database 'remote_database' on server '192.168.10.170'.
dbug: 27.12.2023 20:32:42.394 RelationalEventId.TransactionDisposed[20204] (Microsoft.EntityFrameworkCore.Database.Transaction) 
      Disposing transaction.
dbug: 27.12.2023 20:32:42.401 CoreEventId.StateChanged[10807] (Microsoft.EntityFrameworkCore.ChangeTracking) 
      An entity of type 'User' tracked by 'DatabaseContext' changed state from 'Added' to 'Unchanged'. Consider using 'DbContextOptionsBuilder.EnableSensitiveDataLogging' to see key values.
dbug: 27.12.2023 20:32:42.401 CoreEventId.StateChanged[10807] (Microsoft.EntityFrameworkCore.ChangeTracking) 
      An entity of type 'User' tracked by 'DatabaseContext' changed state from 'Added' to 'Unchanged'. Consider using 'DbContextOptionsBuilder.EnableSensitiveDataLogging' to see key values.
dbug: 27.12.2023 20:32:42.401 CoreEventId.StateChanged[10807] (Microsoft.EntityFrameworkCore.ChangeTracking) 
      An entity of type 'User' tracked by 'DatabaseContext' changed state from 'Added' to 'Unchanged'. Consider using 'DbContextOptionsBuilder.EnableSensitiveDataLogging' to see key values.
dbug: 27.12.2023 20:32:42.402 CoreEventId.SaveChangesCompleted[10005] (Microsoft.EntityFrameworkCore.Update) 
      SaveChanges completed for 'DatabaseContext' with 3 entities written to the database.
dbug: 27.12.2023 20:32:42.403 CoreEventId.ContextDisposed[10407] (Microsoft.EntityFrameworkCore.Infrastructure) 
      'DatabaseContext' disposed.
